<?xml version="1.0" encoding="UTF-8"?>
<!-- Generated by org.testng.reporters.JUnitXMLReporter -->
<testsuite hostname="EPLLP047" name="Test" tests="3" failures="0" timestamp="12 Dec 2019 11:04:58 GMT" time="44.27" errors="0">
  <testcase name="RegisterManualEmailPasswordcorrect" time="5.471" classname="qa.com.test.testcases.RegisterTestcase"/>
  <testcase name="EmailFacebookLogin" time="7.324" classname="qa.com.test.testcases.LoginTestcase"/>
  <testcase name="GoogleLoginTestcase" time="7.157" classname="qa.com.test.testcases.LoginTestcase"/>
</testsuite> <!-- Test -->
